{"D:\\School - Fall 2022\\COMP.SE.620 - Software Engineering Project\\repository\\iot-receiver\\backend\\iot-receiver-backend-app\\app.js": {"path":"D:\\School - Fall 2022\\COMP.SE.620 - Software Engineering Project\\repository\\iot-receiver\\backend\\iot-receiver-backend-app\\app.js","statementMap":{"0":{"start":{"line":1,"column":16},"end":{"line":1,"column":34}},"1":{"start":{"line":2,"column":13},"end":{"line":2,"column":28}},"2":{"start":{"line":3,"column":19},"end":{"line":3,"column":41}},"3":{"start":{"line":4,"column":15},"end":{"line":4,"column":32}},"4":{"start":{"line":6,"column":16},"end":{"line":6,"column":48}},"5":{"start":{"line":7,"column":13},"end":{"line":7,"column":42}},"6":{"start":{"line":8,"column":14},"end":{"line":8,"column":44}},"7":{"start":{"line":9,"column":44},"end":{"line":9,"column":73}},"8":{"start":{"line":11,"column":12},"end":{"line":11,"column":21}},"9":{"start":{"line":12,"column":13},"end":{"line":12,"column":17}},"10":{"start":{"line":15,"column":0},"end":{"line":15,"column":16}},"11":{"start":{"line":18,"column":0},"end":{"line":18,"column":16}},"12":{"start":{"line":19,"column":0},"end":{"line":19,"column":52}},"13":{"start":{"line":20,"column":0},"end":{"line":20,"column":27}},"14":{"start":{"line":21,"column":0},"end":{"line":21,"column":27}},"15":{"start":{"line":22,"column":0},"end":{"line":29,"column":3}},"16":{"start":{"line":24,"column":2},"end":{"line":27,"column":3}},"17":{"start":{"line":26,"column":4},"end":{"line":26,"column":45}},"18":{"start":{"line":28,"column":2},"end":{"line":28,"column":9}},"19":{"start":{"line":31,"column":0},"end":{"line":33,"column":3}},"20":{"start":{"line":32,"column":2},"end":{"line":32,"column":30}},"21":{"start":{"line":35,"column":0},"end":{"line":35,"column":23}},"22":{"start":{"line":38,"column":0},"end":{"line":38,"column":29}},"23":{"start":{"line":41,"column":0},"end":{"line":41,"column":23}},"24":{"start":{"line":44,"column":0},"end":{"line":44,"column":25}},"25":{"start":{"line":45,"column":0},"end":{"line":49,"column":1}},"26":{"start":{"line":46,"column":2},"end":{"line":48,"column":5}},"27":{"start":{"line":47,"column":4},"end":{"line":47,"column":49}},"28":{"start":{"line":51,"column":0},"end":{"line":51,"column":21}}},"fnMap":{"0":{"name":"(anonymous_0)","decl":{"start":{"line":22,"column":8},"end":{"line":22,"column":9}},"loc":{"start":{"line":22,"column":28},"end":{"line":29,"column":1}},"line":22},"1":{"name":"(anonymous_1)","decl":{"start":{"line":31,"column":13},"end":{"line":31,"column":14}},"loc":{"start":{"line":31,"column":27},"end":{"line":33,"column":1}},"line":31},"2":{"name":"(anonymous_2)","decl":{"start":{"line":46,"column":19},"end":{"line":46,"column":20}},"loc":{"start":{"line":46,"column":25},"end":{"line":48,"column":3}},"line":46}},"branchMap":{"0":{"loc":{"start":{"line":24,"column":2},"end":{"line":27,"column":3}},"type":"if","locations":[{"start":{"line":24,"column":2},"end":{"line":27,"column":3}},{"start":{},"end":{}}],"line":24},"1":{"loc":{"start":{"line":45,"column":0},"end":{"line":49,"column":1}},"type":"if","locations":[{"start":{"line":45,"column":0},"end":{"line":49,"column":1}},{"start":{},"end":{}}],"line":45}},"s":{"0":3,"1":3,"2":3,"3":3,"4":3,"5":3,"6":3,"7":3,"8":3,"9":3,"10":3,"11":3,"12":3,"13":3,"14":3,"15":3,"16":73,"17":57,"18":16,"19":3,"20":1,"21":3,"22":3,"23":3,"24":3,"25":3,"26":0,"27":0,"28":3},"f":{"0":73,"1":1,"2":0},"b":{"0":[57,16],"1":[0,3]},"_coverageSchema":"1a1c01bbd47fc00a2c39e90264f33305004495a9","hash":"a087f60bd879b578c76b216c7f38d772b8e7b3d1"}
,"D:\\School - Fall 2022\\COMP.SE.620 - Software Engineering Project\\repository\\iot-receiver\\backend\\iot-receiver-backend-app\\controllers\\auth.js": {"path":"D:\\School - Fall 2022\\COMP.SE.620 - Software Engineering Project\\repository\\iot-receiver\\backend\\iot-receiver-backend-app\\controllers\\auth.js","statementMap":{"0":{"start":{"line":1,"column":12},"end":{"line":1,"column":35}},"1":{"start":{"line":2,"column":16},"end":{"line":2,"column":34}},"2":{"start":{"line":3,"column":35},"end":{"line":3,"column":63}},"3":{"start":{"line":4,"column":20},"end":{"line":4,"column":37}},"4":{"start":{"line":6,"column":2},"end":{"line":8,"column":30}},"5":{"start":{"line":10,"column":15},"end":{"line":10,"column":31}},"6":{"start":{"line":12,"column":20},"end":{"line":12,"column":22}},"7":{"start":{"line":14,"column":0},"end":{"line":40,"column":2}},"8":{"start":{"line":19,"column":4},"end":{"line":20,"column":77}},"9":{"start":{"line":20,"column":6},"end":{"line":20,"column":77}},"10":{"start":{"line":21,"column":17},"end":{"line":21,"column":76}},"11":{"start":{"line":22,"column":4},"end":{"line":23,"column":69}},"12":{"start":{"line":23,"column":6},"end":{"line":23,"column":69}},"13":{"start":{"line":26,"column":19},"end":{"line":26,"column":69}},"14":{"start":{"line":27,"column":4},"end":{"line":27,"column":80}},"15":{"start":{"line":27,"column":17},"end":{"line":27,"column":80}},"16":{"start":{"line":28,"column":19},"end":{"line":31,"column":6}},"17":{"start":{"line":32,"column":4},"end":{"line":35,"column":7}},"18":{"start":{"line":37,"column":4},"end":{"line":37,"column":44}},"19":{"start":{"line":38,"column":4},"end":{"line":38,"column":21}},"20":{"start":{"line":42,"column":0},"end":{"line":64,"column":2}},"21":{"start":{"line":46,"column":4},"end":{"line":47,"column":77}},"22":{"start":{"line":47,"column":6},"end":{"line":47,"column":77}},"23":{"start":{"line":50,"column":18},"end":{"line":50,"column":32}},"24":{"start":{"line":52,"column":20},"end":{"line":52,"column":64}},"25":{"start":{"line":53,"column":17},"end":{"line":55,"column":8}},"26":{"start":{"line":57,"column":4},"end":{"line":60,"column":5}},"27":{"start":{"line":58,"column":6},"end":{"line":58,"column":41}},"28":{"start":{"line":59,"column":6},"end":{"line":59,"column":43}},"29":{"start":{"line":62,"column":4},"end":{"line":62,"column":49}},"30":{"start":{"line":66,"column":0},"end":{"line":98,"column":3}},"31":{"start":{"line":67,"column":17},"end":{"line":67,"column":38}},"32":{"start":{"line":68,"column":2},"end":{"line":69,"column":60}},"33":{"start":{"line":69,"column":4},"end":{"line":69,"column":60}},"34":{"start":{"line":71,"column":16},"end":{"line":71,"column":30}},"35":{"start":{"line":74,"column":2},"end":{"line":97,"column":5}},"36":{"start":{"line":75,"column":4},"end":{"line":75,"column":46}},"37":{"start":{"line":75,"column":13},"end":{"line":75,"column":46}},"38":{"start":{"line":77,"column":4},"end":{"line":77,"column":24}},"39":{"start":{"line":80,"column":17},"end":{"line":82,"column":8}},"40":{"start":{"line":83,"column":4},"end":{"line":84,"column":51}},"41":{"start":{"line":84,"column":6},"end":{"line":84,"column":51}},"42":{"start":{"line":86,"column":19},"end":{"line":89,"column":6}},"43":{"start":{"line":91,"column":4},"end":{"line":94,"column":7}},"44":{"start":{"line":96,"column":4},"end":{"line":96,"column":28}},"45":{"start":{"line":107,"column":23},"end":{"line":118,"column":1}},"46":{"start":{"line":108,"column":2},"end":{"line":117,"column":4}},"47":{"start":{"line":127,"column":26},"end":{"line":140,"column":1}},"48":{"start":{"line":129,"column":2},"end":{"line":129,"column":68}},"49":{"start":{"line":129,"column":41},"end":{"line":129,"column":68}},"50":{"start":{"line":130,"column":21},"end":{"line":130,"column":49}},"51":{"start":{"line":132,"column":16},"end":{"line":132,"column":54}},"52":{"start":{"line":133,"column":2},"end":{"line":133,"column":48}},"53":{"start":{"line":133,"column":21},"end":{"line":133,"column":48}},"54":{"start":{"line":135,"column":2},"end":{"line":139,"column":5}},"55":{"start":{"line":136,"column":4},"end":{"line":136,"column":46}},"56":{"start":{"line":136,"column":13},"end":{"line":136,"column":46}},"57":{"start":{"line":137,"column":4},"end":{"line":137,"column":20}},"58":{"start":{"line":138,"column":4},"end":{"line":138,"column":11}},"59":{"start":{"line":142,"column":0},"end":{"line":142,"column":47}}},"fnMap":{"0":{"name":"(anonymous_0)","decl":{"start":{"line":18,"column":2},"end":{"line":18,"column":3}},"loc":{"start":{"line":18,"column":22},"end":{"line":39,"column":3}},"line":18},"1":{"name":"(anonymous_1)","decl":{"start":{"line":45,"column":2},"end":{"line":45,"column":3}},"loc":{"start":{"line":45,"column":22},"end":{"line":63,"column":3}},"line":45},"2":{"name":"(anonymous_2)","decl":{"start":{"line":66,"column":57},"end":{"line":66,"column":58}},"loc":{"start":{"line":66,"column":77},"end":{"line":98,"column":1}},"line":66},"3":{"name":"(anonymous_3)","decl":{"start":{"line":74,"column":47},"end":{"line":74,"column":48}},"loc":{"start":{"line":74,"column":72},"end":{"line":97,"column":3}},"line":74},"4":{"name":"(anonymous_4)","decl":{"start":{"line":107,"column":23},"end":{"line":107,"column":24}},"loc":{"start":{"line":107,"column":36},"end":{"line":118,"column":1}},"line":107},"5":{"name":"(anonymous_5)","decl":{"start":{"line":127,"column":26},"end":{"line":127,"column":27}},"loc":{"start":{"line":127,"column":46},"end":{"line":140,"column":1}},"line":127},"6":{"name":"(anonymous_6)","decl":{"start":{"line":135,"column":39},"end":{"line":135,"column":40}},"loc":{"start":{"line":135,"column":54},"end":{"line":139,"column":3}},"line":135}},"branchMap":{"0":{"loc":{"start":{"line":6,"column":2},"end":{"line":8,"column":30}},"type":"cond-expr","locations":[{"start":{"line":7,"column":6},"end":{"line":7,"column":37}},{"start":{"line":8,"column":6},"end":{"line":8,"column":30}}],"line":6},"1":{"loc":{"start":{"line":19,"column":4},"end":{"line":20,"column":77}},"type":"if","locations":[{"start":{"line":19,"column":4},"end":{"line":20,"column":77}},{"start":{},"end":{}}],"line":19},"2":{"loc":{"start":{"line":22,"column":4},"end":{"line":23,"column":69}},"type":"if","locations":[{"start":{"line":22,"column":4},"end":{"line":23,"column":69}},{"start":{},"end":{}}],"line":22},"3":{"loc":{"start":{"line":22,"column":8},"end":{"line":22,"column":34}},"type":"binary-expr","locations":[{"start":{"line":22,"column":8},"end":{"line":22,"column":13}},{"start":{"line":22,"column":17},"end":{"line":22,"column":34}}],"line":22},"4":{"loc":{"start":{"line":27,"column":4},"end":{"line":27,"column":80}},"type":"if","locations":[{"start":{"line":27,"column":4},"end":{"line":27,"column":80}},{"start":{},"end":{}}],"line":27},"5":{"loc":{"start":{"line":46,"column":4},"end":{"line":47,"column":77}},"type":"if","locations":[{"start":{"line":46,"column":4},"end":{"line":47,"column":77}},{"start":{},"end":{}}],"line":46},"6":{"loc":{"start":{"line":57,"column":4},"end":{"line":60,"column":5}},"type":"if","locations":[{"start":{"line":57,"column":4},"end":{"line":60,"column":5}},{"start":{},"end":{}}],"line":57},"7":{"loc":{"start":{"line":57,"column":8},"end":{"line":57,"column":45}},"type":"binary-expr","locations":[{"start":{"line":57,"column":8},"end":{"line":57,"column":12}},{"start":{"line":57,"column":16},"end":{"line":57,"column":45}}],"line":57},"8":{"loc":{"start":{"line":68,"column":2},"end":{"line":69,"column":60}},"type":"if","locations":[{"start":{"line":68,"column":2},"end":{"line":69,"column":60}},{"start":{},"end":{}}],"line":68},"9":{"loc":{"start":{"line":75,"column":4},"end":{"line":75,"column":46}},"type":"if","locations":[{"start":{"line":75,"column":4},"end":{"line":75,"column":46}},{"start":{},"end":{}}],"line":75},"10":{"loc":{"start":{"line":83,"column":4},"end":{"line":84,"column":51}},"type":"if","locations":[{"start":{"line":83,"column":4},"end":{"line":84,"column":51}},{"start":{},"end":{}}],"line":83},"11":{"loc":{"start":{"line":83,"column":8},"end":{"line":83,"column":37}},"type":"binary-expr","locations":[{"start":{"line":83,"column":8},"end":{"line":83,"column":13}},{"start":{"line":83,"column":17},"end":{"line":83,"column":37}}],"line":83},"12":{"loc":{"start":{"line":129,"column":2},"end":{"line":129,"column":68}},"type":"if","locations":[{"start":{"line":129,"column":2},"end":{"line":129,"column":68}},{"start":{},"end":{}}],"line":129},"13":{"loc":{"start":{"line":132,"column":16},"end":{"line":132,"column":54}},"type":"binary-expr","locations":[{"start":{"line":132,"column":16},"end":{"line":132,"column":26}},{"start":{"line":132,"column":30},"end":{"line":132,"column":54}}],"line":132},"14":{"loc":{"start":{"line":133,"column":2},"end":{"line":133,"column":48}},"type":"if","locations":[{"start":{"line":133,"column":2},"end":{"line":133,"column":48}},{"start":{},"end":{}}],"line":133},"15":{"loc":{"start":{"line":136,"column":4},"end":{"line":136,"column":46}},"type":"if","locations":[{"start":{"line":136,"column":4},"end":{"line":136,"column":46}},{"start":{},"end":{}}],"line":136}},"s":{"0":3,"1":3,"2":3,"3":3,"4":3,"5":3,"6":3,"7":3,"8":9,"9":1,"10":8,"11":8,"12":1,"13":7,"14":7,"15":1,"16":6,"17":6,"18":6,"19":6,"20":3,"21":3,"22":1,"23":2,"24":2,"25":2,"26":2,"27":1,"28":1,"29":1,"30":3,"31":4,"32":4,"33":1,"34":3,"35":3,"36":3,"37":1,"38":2,"39":2,"40":2,"41":1,"42":1,"43":1,"44":1,"45":3,"46":7,"47":3,"48":57,"49":1,"50":56,"51":56,"52":56,"53":1,"54":55,"55":55,"56":1,"57":54,"58":54,"59":3},"f":{"0":9,"1":3,"2":4,"3":3,"4":7,"5":57,"6":55},"b":{"0":[3,0],"1":[1,8],"2":[1,7],"3":[8,8],"4":[1,6],"5":[1,2],"6":[1,1],"7":[2,1],"8":[1,3],"9":[1,2],"10":[1,1],"11":[2,2],"12":[1,56],"13":[56,56],"14":[1,55],"15":[1,54]},"_coverageSchema":"1a1c01bbd47fc00a2c39e90264f33305004495a9","hash":"4d7630c9da618f62560c7197e876207ace1fac1a"}
,"D:\\School - Fall 2022\\COMP.SE.620 - Software Engineering Project\\repository\\iot-receiver\\backend\\iot-receiver-backend-app\\controllers\\data.js": {"path":"D:\\School - Fall 2022\\COMP.SE.620 - Software Engineering Project\\repository\\iot-receiver\\backend\\iot-receiver-backend-app\\controllers\\data.js","statementMap":{"0":{"start":{"line":1,"column":16},"end":{"line":1,"column":34}},"1":{"start":{"line":2,"column":49},"end":{"line":2,"column":77}},"2":{"start":{"line":7,"column":4},"end":{"line":7,"column":28}},"3":{"start":{"line":9,"column":2},"end":{"line":11,"column":30}},"4":{"start":{"line":13,"column":15},"end":{"line":13,"column":31}},"5":{"start":{"line":15,"column":20},"end":{"line":17,"column":1}},"6":{"start":{"line":16,"column":2},"end":{"line":16,"column":40}},"7":{"start":{"line":19,"column":20},"end":{"line":34,"column":1}},"8":{"start":{"line":20,"column":13},"end":{"line":20,"column":15}},"9":{"start":{"line":21,"column":2},"end":{"line":31,"column":3}},"10":{"start":{"line":22,"column":19},"end":{"line":27,"column":6}},"11":{"start":{"line":30,"column":4},"end":{"line":30,"column":51}},"12":{"start":{"line":30,"column":27},"end":{"line":30,"column":51}},"13":{"start":{"line":33,"column":2},"end":{"line":33,"column":14}},"14":{"start":{"line":36,"column":0},"end":{"line":65,"column":2}},"15":{"start":{"line":44,"column":4},"end":{"line":45,"column":77}},"16":{"start":{"line":45,"column":6},"end":{"line":45,"column":77}},"17":{"start":{"line":48,"column":6},"end":{"line":50,"column":29}},"18":{"start":{"line":49,"column":45},"end":{"line":49,"column":56}},"19":{"start":{"line":53,"column":17},"end":{"line":58,"column":5}},"20":{"start":{"line":60,"column":4},"end":{"line":61,"column":65}},"21":{"start":{"line":61,"column":6},"end":{"line":61,"column":65}},"22":{"start":{"line":63,"column":4},"end":{"line":63,"column":26}},"23":{"start":{"line":67,"column":0},"end":{"line":90,"column":2}},"24":{"start":{"line":74,"column":4},"end":{"line":75,"column":77}},"25":{"start":{"line":75,"column":6},"end":{"line":75,"column":77}},"26":{"start":{"line":77,"column":17},"end":{"line":82,"column":5}},"27":{"start":{"line":84,"column":4},"end":{"line":86,"column":5}},"28":{"start":{"line":85,"column":6},"end":{"line":85,"column":31}},"29":{"start":{"line":88,"column":4},"end":{"line":88,"column":26}},"30":{"start":{"line":92,"column":0},"end":{"line":112,"column":2}},"31":{"start":{"line":98,"column":4},"end":{"line":99,"column":77}},"32":{"start":{"line":99,"column":6},"end":{"line":99,"column":77}},"33":{"start":{"line":100,"column":17},"end":{"line":104,"column":6}},"34":{"start":{"line":106,"column":4},"end":{"line":108,"column":5}},"35":{"start":{"line":107,"column":6},"end":{"line":107,"column":31}},"36":{"start":{"line":110,"column":4},"end":{"line":110,"column":26}},"37":{"start":{"line":114,"column":0},"end":{"line":114,"column":24}}},"fnMap":{"0":{"name":"(anonymous_0)","decl":{"start":{"line":15,"column":20},"end":{"line":15,"column":21}},"loc":{"start":{"line":15,"column":30},"end":{"line":17,"column":1}},"line":15},"1":{"name":"(anonymous_1)","decl":{"start":{"line":19,"column":20},"end":{"line":19,"column":21}},"loc":{"start":{"line":19,"column":74},"end":{"line":34,"column":1}},"line":19},"2":{"name":"(anonymous_2)","decl":{"start":{"line":43,"column":2},"end":{"line":43,"column":3}},"loc":{"start":{"line":43,"column":22},"end":{"line":64,"column":3}},"line":43},"3":{"name":"(anonymous_3)","decl":{"start":{"line":49,"column":38},"end":{"line":49,"column":39}},"loc":{"start":{"line":49,"column":45},"end":{"line":49,"column":56}},"line":49},"4":{"name":"(anonymous_4)","decl":{"start":{"line":73,"column":2},"end":{"line":73,"column":3}},"loc":{"start":{"line":73,"column":22},"end":{"line":89,"column":3}},"line":73},"5":{"name":"(anonymous_5)","decl":{"start":{"line":97,"column":2},"end":{"line":97,"column":3}},"loc":{"start":{"line":97,"column":22},"end":{"line":111,"column":3}},"line":97}},"branchMap":{"0":{"loc":{"start":{"line":9,"column":2},"end":{"line":11,"column":30}},"type":"cond-expr","locations":[{"start":{"line":10,"column":6},"end":{"line":10,"column":37}},{"start":{"line":11,"column":6},"end":{"line":11,"column":30}}],"line":9},"1":{"loc":{"start":{"line":16,"column":9},"end":{"line":16,"column":39}},"type":"cond-expr","locations":[{"start":{"line":16,"column":17},"end":{"line":16,"column":21}},{"start":{"line":16,"column":24},"end":{"line":16,"column":39}}],"line":16},"2":{"loc":{"start":{"line":24,"column":17},"end":{"line":24,"column":43}},"type":"cond-expr","locations":[{"start":{"line":24,"column":29},"end":{"line":24,"column":38}},{"start":{"line":24,"column":41},"end":{"line":24,"column":43}}],"line":24},"3":{"loc":{"start":{"line":25,"column":15},"end":{"line":25,"column":37}},"type":"cond-expr","locations":[{"start":{"line":25,"column":25},"end":{"line":25,"column":32}},{"start":{"line":25,"column":35},"end":{"line":25,"column":37}}],"line":25},"4":{"loc":{"start":{"line":30,"column":4},"end":{"line":30,"column":51}},"type":"if","locations":[{"start":{"line":30,"column":4},"end":{"line":30,"column":51}},{"start":{},"end":{}}],"line":30},"5":{"loc":{"start":{"line":44,"column":4},"end":{"line":45,"column":77}},"type":"if","locations":[{"start":{"line":44,"column":4},"end":{"line":45,"column":77}},{"start":{},"end":{}}],"line":44},"6":{"loc":{"start":{"line":48,"column":6},"end":{"line":50,"column":29}},"type":"cond-expr","locations":[{"start":{"line":49,"column":10},"end":{"line":49,"column":57}},{"start":{"line":50,"column":10},"end":{"line":50,"column":29}}],"line":48},"7":{"loc":{"start":{"line":60,"column":4},"end":{"line":61,"column":65}},"type":"if","locations":[{"start":{"line":60,"column":4},"end":{"line":61,"column":65}},{"start":{},"end":{}}],"line":60},"8":{"loc":{"start":{"line":74,"column":4},"end":{"line":75,"column":77}},"type":"if","locations":[{"start":{"line":74,"column":4},"end":{"line":75,"column":77}},{"start":{},"end":{}}],"line":74},"9":{"loc":{"start":{"line":84,"column":4},"end":{"line":86,"column":5}},"type":"if","locations":[{"start":{"line":84,"column":4},"end":{"line":86,"column":5}},{"start":{},"end":{}}],"line":84},"10":{"loc":{"start":{"line":98,"column":4},"end":{"line":99,"column":77}},"type":"if","locations":[{"start":{"line":98,"column":4},"end":{"line":99,"column":77}},{"start":{},"end":{}}],"line":98},"11":{"loc":{"start":{"line":106,"column":4},"end":{"line":108,"column":5}},"type":"if","locations":[{"start":{"line":106,"column":4},"end":{"line":108,"column":5}},{"start":{},"end":{}}],"line":106}},"s":{"0":3,"1":3,"2":3,"3":3,"4":3,"5":3,"6":30,"7":3,"8":6,"9":6,"10":7,"11":7,"12":6,"13":6,"14":3,"15":2,"16":1,"17":1,"18":0,"19":1,"20":1,"21":0,"22":1,"23":3,"24":7,"25":2,"26":5,"27":5,"28":1,"29":5,"30":3,"31":6,"32":1,"33":5,"34":5,"35":0,"36":5,"37":3},"f":{"0":30,"1":6,"2":2,"3":0,"4":7,"5":6},"b":{"0":[3,0],"1":[22,8],"2":[2,5],"3":[2,5],"4":[6,1],"5":[1,1],"6":[0,1],"7":[0,1],"8":[2,5],"9":[1,4],"10":[1,5],"11":[0,5]},"_coverageSchema":"1a1c01bbd47fc00a2c39e90264f33305004495a9","hash":"1e126e6fd36cc567d838f54816ff6bc98dbe97d5"}
,"D:\\School - Fall 2022\\COMP.SE.620 - Software Engineering Project\\repository\\iot-receiver\\backend\\iot-receiver-backend-app\\controllers\\devices.js": {"path":"D:\\School - Fall 2022\\COMP.SE.620 - Software Engineering Project\\repository\\iot-receiver\\backend\\iot-receiver-backend-app\\controllers\\devices.js","statementMap":{"0":{"start":{"line":1,"column":16},"end":{"line":1,"column":34}},"1":{"start":{"line":2,"column":43},"end":{"line":2,"column":71}},"2":{"start":{"line":3,"column":28},"end":{"line":3,"column":52}},"3":{"start":{"line":5,"column":2},"end":{"line":7,"column":30}},"4":{"start":{"line":9,"column":15},"end":{"line":9,"column":31}},"5":{"start":{"line":17,"column":21},"end":{"line":19,"column":1}},"6":{"start":{"line":18,"column":2},"end":{"line":18,"column":78}},"7":{"start":{"line":21,"column":22},"end":{"line":23,"column":1}},"8":{"start":{"line":22,"column":2},"end":{"line":22,"column":49}},"9":{"start":{"line":25,"column":0},"end":{"line":59,"column":2}},"10":{"start":{"line":32,"column":4},"end":{"line":33,"column":77}},"11":{"start":{"line":33,"column":6},"end":{"line":33,"column":77}},"12":{"start":{"line":36,"column":20},"end":{"line":36,"column":67}},"13":{"start":{"line":38,"column":4},"end":{"line":42,"column":9}},"14":{"start":{"line":39,"column":6},"end":{"line":42,"column":9}},"15":{"start":{"line":45,"column":21},"end":{"line":45,"column":22}},"16":{"start":{"line":46,"column":19},"end":{"line":46,"column":33}},"17":{"start":{"line":48,"column":4},"end":{"line":48,"column":74}},"18":{"start":{"line":48,"column":30},"end":{"line":48,"column":74}},"19":{"start":{"line":49,"column":4},"end":{"line":49,"column":68}},"20":{"start":{"line":49,"column":28},"end":{"line":49,"column":68}},"21":{"start":{"line":51,"column":4},"end":{"line":57,"column":7}},"22":{"start":{"line":61,"column":0},"end":{"line":76,"column":2}},"23":{"start":{"line":68,"column":4},"end":{"line":69,"column":77}},"24":{"start":{"line":69,"column":6},"end":{"line":69,"column":77}},"25":{"start":{"line":71,"column":17},"end":{"line":71,"column":62}},"26":{"start":{"line":72,"column":4},"end":{"line":72,"column":64}},"27":{"start":{"line":72,"column":15},"end":{"line":72,"column":64}},"28":{"start":{"line":74,"column":4},"end":{"line":74,"column":26}},"29":{"start":{"line":78,"column":0},"end":{"line":91,"column":2}},"30":{"start":{"line":82,"column":4},"end":{"line":83,"column":77}},"31":{"start":{"line":83,"column":6},"end":{"line":83,"column":77}},"32":{"start":{"line":85,"column":19},"end":{"line":85,"column":73}},"33":{"start":{"line":87,"column":4},"end":{"line":87,"column":78}},"34":{"start":{"line":87,"column":29},"end":{"line":87,"column":78}},"35":{"start":{"line":89,"column":4},"end":{"line":89,"column":28}},"36":{"start":{"line":93,"column":0},"end":{"line":93,"column":24}}},"fnMap":{"0":{"name":"(anonymous_0)","decl":{"start":{"line":17,"column":21},"end":{"line":17,"column":22}},"loc":{"start":{"line":17,"column":32},"end":{"line":19,"column":1}},"line":17},"1":{"name":"(anonymous_1)","decl":{"start":{"line":21,"column":22},"end":{"line":21,"column":23}},"loc":{"start":{"line":21,"column":34},"end":{"line":23,"column":1}},"line":21},"2":{"name":"(anonymous_2)","decl":{"start":{"line":30,"column":2},"end":{"line":30,"column":3}},"loc":{"start":{"line":30,"column":22},"end":{"line":58,"column":3}},"line":30},"3":{"name":"(anonymous_3)","decl":{"start":{"line":67,"column":2},"end":{"line":67,"column":3}},"loc":{"start":{"line":67,"column":22},"end":{"line":75,"column":3}},"line":67},"4":{"name":"(anonymous_4)","decl":{"start":{"line":81,"column":2},"end":{"line":81,"column":3}},"loc":{"start":{"line":81,"column":22},"end":{"line":90,"column":3}},"line":81}},"branchMap":{"0":{"loc":{"start":{"line":5,"column":2},"end":{"line":7,"column":30}},"type":"cond-expr","locations":[{"start":{"line":6,"column":6},"end":{"line":6,"column":37}},{"start":{"line":7,"column":6},"end":{"line":7,"column":30}}],"line":5},"1":{"loc":{"start":{"line":18,"column":9},"end":{"line":18,"column":77}},"type":"cond-expr","locations":[{"start":{"line":18,"column":18},"end":{"line":18,"column":22}},{"start":{"line":18,"column":25},"end":{"line":18,"column":77}}],"line":18},"2":{"loc":{"start":{"line":22,"column":9},"end":{"line":22,"column":48}},"type":"cond-expr","locations":[{"start":{"line":22,"column":19},"end":{"line":22,"column":23}},{"start":{"line":22,"column":26},"end":{"line":22,"column":48}}],"line":22},"3":{"loc":{"start":{"line":32,"column":4},"end":{"line":33,"column":77}},"type":"if","locations":[{"start":{"line":32,"column":4},"end":{"line":33,"column":77}},{"start":{},"end":{}}],"line":32},"4":{"loc":{"start":{"line":38,"column":4},"end":{"line":42,"column":9}},"type":"if","locations":[{"start":{"line":38,"column":4},"end":{"line":42,"column":9}},{"start":{},"end":{}}],"line":38},"5":{"loc":{"start":{"line":48,"column":4},"end":{"line":48,"column":74}},"type":"if","locations":[{"start":{"line":48,"column":4},"end":{"line":48,"column":74}},{"start":{},"end":{}}],"line":48},"6":{"loc":{"start":{"line":49,"column":4},"end":{"line":49,"column":68}},"type":"if","locations":[{"start":{"line":49,"column":4},"end":{"line":49,"column":68}},{"start":{},"end":{}}],"line":49},"7":{"loc":{"start":{"line":68,"column":4},"end":{"line":69,"column":77}},"type":"if","locations":[{"start":{"line":68,"column":4},"end":{"line":69,"column":77}},{"start":{},"end":{}}],"line":68},"8":{"loc":{"start":{"line":72,"column":4},"end":{"line":72,"column":64}},"type":"if","locations":[{"start":{"line":72,"column":4},"end":{"line":72,"column":64}},{"start":{},"end":{}}],"line":72},"9":{"loc":{"start":{"line":82,"column":4},"end":{"line":83,"column":77}},"type":"if","locations":[{"start":{"line":82,"column":4},"end":{"line":83,"column":77}},{"start":{},"end":{}}],"line":82},"10":{"loc":{"start":{"line":87,"column":4},"end":{"line":87,"column":78}},"type":"if","locations":[{"start":{"line":87,"column":4},"end":{"line":87,"column":78}},{"start":{},"end":{}}],"line":87}},"s":{"0":3,"1":3,"2":3,"3":3,"4":3,"5":3,"6":19,"7":3,"8":38,"9":3,"10":19,"11":2,"12":17,"13":17,"14":1,"15":16,"16":16,"17":16,"18":3,"19":16,"20":3,"21":16,"22":3,"23":2,"24":0,"25":2,"26":2,"27":0,"28":2,"29":3,"30":3,"31":1,"32":2,"33":2,"34":1,"35":1,"36":3},"f":{"0":19,"1":38,"2":19,"3":2,"4":3},"b":{"0":[3,0],"1":[16,3],"2":[26,12],"3":[2,17],"4":[1,16],"5":[3,13],"6":[3,13],"7":[0,2],"8":[0,2],"9":[1,2],"10":[1,1]},"_coverageSchema":"1a1c01bbd47fc00a2c39e90264f33305004495a9","hash":"e57e37187a7a34ee4ceadfe80803caeffe4cbae3"}
,"D:\\School - Fall 2022\\COMP.SE.620 - Software Engineering Project\\repository\\iot-receiver\\backend\\iot-receiver-backend-app\\controllers\\users.js": {"path":"D:\\School - Fall 2022\\COMP.SE.620 - Software Engineering Project\\repository\\iot-receiver\\backend\\iot-receiver-backend-app\\controllers\\users.js","statementMap":{"0":{"start":{"line":1,"column":16},"end":{"line":1,"column":34}},"1":{"start":{"line":2,"column":42},"end":{"line":2,"column":70}},"2":{"start":{"line":3,"column":17},"end":{"line":3,"column":34}},"3":{"start":{"line":5,"column":2},"end":{"line":7,"column":30}},"4":{"start":{"line":9,"column":15},"end":{"line":9,"column":31}},"5":{"start":{"line":16,"column":19},"end":{"line":21,"column":1}},"6":{"start":{"line":17,"column":2},"end":{"line":19,"column":3}},"7":{"start":{"line":18,"column":4},"end":{"line":18,"column":16}},"8":{"start":{"line":20,"column":2},"end":{"line":20,"column":15}},"9":{"start":{"line":24,"column":0},"end":{"line":28,"column":3}},"10":{"start":{"line":26,"column":2},"end":{"line":26,"column":65}},"11":{"start":{"line":26,"column":38},"end":{"line":26,"column":65}},"12":{"start":{"line":27,"column":2},"end":{"line":27,"column":9}},"13":{"start":{"line":30,"column":0},"end":{"line":36,"column":3}},"14":{"start":{"line":31,"column":16},"end":{"line":31,"column":35}},"15":{"start":{"line":32,"column":2},"end":{"line":34,"column":3}},"16":{"start":{"line":33,"column":4},"end":{"line":33,"column":31}},"17":{"start":{"line":35,"column":2},"end":{"line":35,"column":25}},"18":{"start":{"line":38,"column":0},"end":{"line":67,"column":2}},"19":{"start":{"line":44,"column":4},"end":{"line":45,"column":77}},"20":{"start":{"line":45,"column":6},"end":{"line":45,"column":77}},"21":{"start":{"line":48,"column":19},"end":{"line":48,"column":52}},"22":{"start":{"line":49,"column":4},"end":{"line":49,"column":76}},"23":{"start":{"line":49,"column":17},"end":{"line":49,"column":76}},"24":{"start":{"line":52,"column":20},"end":{"line":56,"column":5}},"25":{"start":{"line":57,"column":4},"end":{"line":57,"column":30}},"26":{"start":{"line":59,"column":19},"end":{"line":59,"column":47}},"27":{"start":{"line":61,"column":4},"end":{"line":61,"column":70}},"28":{"start":{"line":61,"column":17},"end":{"line":61,"column":70}},"29":{"start":{"line":63,"column":4},"end":{"line":65,"column":70}},"30":{"start":{"line":69,"column":0},"end":{"line":87,"column":2}},"31":{"start":{"line":73,"column":4},"end":{"line":74,"column":77}},"32":{"start":{"line":74,"column":6},"end":{"line":74,"column":77}},"33":{"start":{"line":76,"column":17},"end":{"line":78,"column":6}},"34":{"start":{"line":79,"column":4},"end":{"line":80,"column":53}},"35":{"start":{"line":80,"column":6},"end":{"line":80,"column":53}},"36":{"start":{"line":82,"column":4},"end":{"line":82,"column":28}},"37":{"start":{"line":83,"column":4},"end":{"line":83,"column":25}},"38":{"start":{"line":85,"column":4},"end":{"line":85,"column":29}},"39":{"start":{"line":89,"column":0},"end":{"line":131,"column":2}},"40":{"start":{"line":96,"column":6},"end":{"line":96,"column":39}},"41":{"start":{"line":101,"column":4},"end":{"line":102,"column":77}},"42":{"start":{"line":102,"column":6},"end":{"line":102,"column":77}},"43":{"start":{"line":104,"column":17},"end":{"line":106,"column":6}},"44":{"start":{"line":107,"column":4},"end":{"line":108,"column":53}},"45":{"start":{"line":108,"column":6},"end":{"line":108,"column":53}},"46":{"start":{"line":111,"column":20},"end":{"line":111,"column":34}},"47":{"start":{"line":113,"column":4},"end":{"line":113,"column":25}},"48":{"start":{"line":115,"column":4},"end":{"line":115,"column":64}},"49":{"start":{"line":115,"column":27},"end":{"line":115,"column":64}},"50":{"start":{"line":116,"column":4},"end":{"line":121,"column":5}},"51":{"start":{"line":118,"column":21},"end":{"line":118,"column":54}},"52":{"start":{"line":119,"column":6},"end":{"line":119,"column":78}},"53":{"start":{"line":119,"column":19},"end":{"line":119,"column":78}},"54":{"start":{"line":120,"column":6},"end":{"line":120,"column":32}},"55":{"start":{"line":122,"column":4},"end":{"line":122,"column":52}},"56":{"start":{"line":122,"column":23},"end":{"line":122,"column":52}},"57":{"start":{"line":123,"column":19},"end":{"line":123,"column":45}},"58":{"start":{"line":124,"column":4},"end":{"line":127,"column":64}},"59":{"start":{"line":125,"column":6},"end":{"line":127,"column":64}},"60":{"start":{"line":129,"column":4},"end":{"line":129,"column":62}},"61":{"start":{"line":133,"column":0},"end":{"line":149,"column":2}},"62":{"start":{"line":137,"column":4},"end":{"line":138,"column":77}},"63":{"start":{"line":138,"column":6},"end":{"line":138,"column":77}},"64":{"start":{"line":140,"column":19},"end":{"line":140,"column":76}},"65":{"start":{"line":142,"column":4},"end":{"line":145,"column":67}},"66":{"start":{"line":143,"column":6},"end":{"line":145,"column":67}},"67":{"start":{"line":147,"column":4},"end":{"line":147,"column":76}},"68":{"start":{"line":151,"column":0},"end":{"line":151,"column":24}}},"fnMap":{"0":{"name":"(anonymous_0)","decl":{"start":{"line":16,"column":19},"end":{"line":16,"column":20}},"loc":{"start":{"line":16,"column":30},"end":{"line":21,"column":1}},"line":16},"1":{"name":"(anonymous_1)","decl":{"start":{"line":24,"column":11},"end":{"line":24,"column":12}},"loc":{"start":{"line":24,"column":31},"end":{"line":28,"column":1}},"line":24},"2":{"name":"(anonymous_2)","decl":{"start":{"line":30,"column":16},"end":{"line":30,"column":17}},"loc":{"start":{"line":30,"column":36},"end":{"line":36,"column":1}},"line":30},"3":{"name":"(anonymous_3)","decl":{"start":{"line":43,"column":2},"end":{"line":43,"column":3}},"loc":{"start":{"line":43,"column":22},"end":{"line":66,"column":3}},"line":43},"4":{"name":"(anonymous_4)","decl":{"start":{"line":72,"column":2},"end":{"line":72,"column":3}},"loc":{"start":{"line":72,"column":22},"end":{"line":86,"column":3}},"line":72},"5":{"name":"(anonymous_5)","decl":{"start":{"line":95,"column":12},"end":{"line":95,"column":13}},"loc":{"start":{"line":95,"column":19},"end":{"line":97,"column":5}},"line":95},"6":{"name":"(anonymous_6)","decl":{"start":{"line":100,"column":2},"end":{"line":100,"column":3}},"loc":{"start":{"line":100,"column":22},"end":{"line":130,"column":3}},"line":100},"7":{"name":"(anonymous_7)","decl":{"start":{"line":136,"column":2},"end":{"line":136,"column":3}},"loc":{"start":{"line":136,"column":22},"end":{"line":148,"column":3}},"line":136}},"branchMap":{"0":{"loc":{"start":{"line":5,"column":2},"end":{"line":7,"column":30}},"type":"cond-expr","locations":[{"start":{"line":6,"column":6},"end":{"line":6,"column":37}},{"start":{"line":7,"column":6},"end":{"line":7,"column":30}}],"line":5},"1":{"loc":{"start":{"line":17,"column":2},"end":{"line":19,"column":3}},"type":"if","locations":[{"start":{"line":17,"column":2},"end":{"line":19,"column":3}},{"start":{},"end":{}}],"line":17},"2":{"loc":{"start":{"line":17,"column":6},"end":{"line":17,"column":54}},"type":"binary-expr","locations":[{"start":{"line":17,"column":6},"end":{"line":17,"column":28}},{"start":{"line":17,"column":32},"end":{"line":17,"column":54}}],"line":17},"3":{"loc":{"start":{"line":26,"column":2},"end":{"line":26,"column":65}},"type":"if","locations":[{"start":{"line":26,"column":2},"end":{"line":26,"column":65}},{"start":{},"end":{}}],"line":26},"4":{"loc":{"start":{"line":32,"column":2},"end":{"line":34,"column":3}},"type":"if","locations":[{"start":{"line":32,"column":2},"end":{"line":34,"column":3}},{"start":{},"end":{}}],"line":32},"5":{"loc":{"start":{"line":44,"column":4},"end":{"line":45,"column":77}},"type":"if","locations":[{"start":{"line":44,"column":4},"end":{"line":45,"column":77}},{"start":{},"end":{}}],"line":44},"6":{"loc":{"start":{"line":49,"column":4},"end":{"line":49,"column":76}},"type":"if","locations":[{"start":{"line":49,"column":4},"end":{"line":49,"column":76}},{"start":{},"end":{}}],"line":49},"7":{"loc":{"start":{"line":61,"column":4},"end":{"line":61,"column":70}},"type":"if","locations":[{"start":{"line":61,"column":4},"end":{"line":61,"column":70}},{"start":{},"end":{}}],"line":61},"8":{"loc":{"start":{"line":73,"column":4},"end":{"line":74,"column":77}},"type":"if","locations":[{"start":{"line":73,"column":4},"end":{"line":74,"column":77}},{"start":{},"end":{}}],"line":73},"9":{"loc":{"start":{"line":79,"column":4},"end":{"line":80,"column":53}},"type":"if","locations":[{"start":{"line":79,"column":4},"end":{"line":80,"column":53}},{"start":{},"end":{}}],"line":79},"10":{"loc":{"start":{"line":79,"column":8},"end":{"line":79,"column":46}},"type":"binary-expr","locations":[{"start":{"line":79,"column":8},"end":{"line":79,"column":13}},{"start":{"line":79,"column":17},"end":{"line":79,"column":34}},{"start":{"line":79,"column":38},"end":{"line":79,"column":46}}],"line":79},"11":{"loc":{"start":{"line":96,"column":13},"end":{"line":96,"column":38}},"type":"cond-expr","locations":[{"start":{"line":96,"column":18},"end":{"line":96,"column":22}},{"start":{"line":96,"column":25},"end":{"line":96,"column":38}}],"line":96},"12":{"loc":{"start":{"line":101,"column":4},"end":{"line":102,"column":77}},"type":"if","locations":[{"start":{"line":101,"column":4},"end":{"line":102,"column":77}},{"start":{},"end":{}}],"line":101},"13":{"loc":{"start":{"line":107,"column":4},"end":{"line":108,"column":53}},"type":"if","locations":[{"start":{"line":107,"column":4},"end":{"line":108,"column":53}},{"start":{},"end":{}}],"line":107},"14":{"loc":{"start":{"line":107,"column":8},"end":{"line":107,"column":46}},"type":"binary-expr","locations":[{"start":{"line":107,"column":8},"end":{"line":107,"column":13}},{"start":{"line":107,"column":17},"end":{"line":107,"column":34}},{"start":{"line":107,"column":38},"end":{"line":107,"column":46}}],"line":107},"15":{"loc":{"start":{"line":115,"column":4},"end":{"line":115,"column":64}},"type":"if","locations":[{"start":{"line":115,"column":4},"end":{"line":115,"column":64}},{"start":{},"end":{}}],"line":115},"16":{"loc":{"start":{"line":116,"column":4},"end":{"line":121,"column":5}},"type":"if","locations":[{"start":{"line":116,"column":4},"end":{"line":121,"column":5}},{"start":{},"end":{}}],"line":116},"17":{"loc":{"start":{"line":119,"column":6},"end":{"line":119,"column":78}},"type":"if","locations":[{"start":{"line":119,"column":6},"end":{"line":119,"column":78}},{"start":{},"end":{}}],"line":119},"18":{"loc":{"start":{"line":122,"column":4},"end":{"line":122,"column":52}},"type":"if","locations":[{"start":{"line":122,"column":4},"end":{"line":122,"column":52}},{"start":{},"end":{}}],"line":122},"19":{"loc":{"start":{"line":124,"column":4},"end":{"line":127,"column":64}},"type":"if","locations":[{"start":{"line":124,"column":4},"end":{"line":127,"column":64}},{"start":{},"end":{}}],"line":124},"20":{"loc":{"start":{"line":137,"column":4},"end":{"line":138,"column":77}},"type":"if","locations":[{"start":{"line":137,"column":4},"end":{"line":138,"column":77}},{"start":{},"end":{}}],"line":137},"21":{"loc":{"start":{"line":142,"column":4},"end":{"line":145,"column":67}},"type":"if","locations":[{"start":{"line":142,"column":4},"end":{"line":145,"column":67}},{"start":{},"end":{}}],"line":142}},"s":{"0":3,"1":3,"2":3,"3":3,"4":3,"5":3,"6":5,"7":3,"8":2,"9":3,"10":14,"11":1,"12":13,"13":3,"14":2,"15":2,"16":0,"17":2,"18":3,"19":3,"20":1,"21":2,"22":2,"23":0,"24":2,"25":2,"26":2,"27":2,"28":1,"29":1,"30":3,"31":3,"32":0,"33":3,"34":3,"35":2,"36":1,"37":1,"38":1,"39":3,"40":4,"41":4,"42":1,"43":3,"44":3,"45":1,"46":2,"47":2,"48":2,"49":0,"50":2,"51":1,"52":1,"53":0,"54":1,"55":2,"56":1,"57":2,"58":2,"59":0,"60":2,"61":3,"62":1,"63":0,"64":1,"65":1,"66":0,"67":1,"68":3},"f":{"0":5,"1":14,"2":2,"3":3,"4":3,"5":4,"6":4,"7":1},"b":{"0":[3,0],"1":[3,2],"2":[5,5],"3":[1,13],"4":[0,2],"5":[1,2],"6":[0,2],"7":[1,1],"8":[0,3],"9":[2,1],"10":[3,3,1],"11":[2,2],"12":[1,3],"13":[1,2],"14":[3,3,2],"15":[0,2],"16":[1,1],"17":[0,1],"18":[1,1],"19":[0,2],"20":[0,1],"21":[0,1]},"_coverageSchema":"1a1c01bbd47fc00a2c39e90264f33305004495a9","hash":"8d87614277baad107d41d52c2a145e3272ccbae5"}
}
