TN:
SF:app.js
FN:22,(anonymous_0)
FN:31,(anonymous_1)
FN:46,(anonymous_2)
FNF:3
FNH:2
FNDA:73,(anonymous_0)
FNDA:1,(anonymous_1)
FNDA:0,(anonymous_2)
DA:1,3
DA:2,3
DA:3,3
DA:4,3
DA:6,3
DA:7,3
DA:8,3
DA:9,3
DA:11,3
DA:12,3
DA:15,3
DA:18,3
DA:19,3
DA:20,3
DA:21,3
DA:22,3
DA:24,73
DA:26,57
DA:28,16
DA:31,3
DA:32,1
DA:35,3
DA:38,3
DA:41,3
DA:44,3
DA:45,3
DA:46,0
DA:47,0
DA:51,3
LF:29
LH:27
BRDA:24,0,0,57
BRDA:24,0,1,16
BRDA:45,1,0,0
BRDA:45,1,1,3
BRF:4
BRH:3
end_of_record
TN:
SF:controllers\auth.js
FN:18,(anonymous_0)
FN:45,(anonymous_1)
FN:66,(anonymous_2)
FN:74,(anonymous_3)
FN:107,(anonymous_4)
FN:127,(anonymous_5)
FN:135,(anonymous_6)
FNF:7
FNH:7
FNDA:9,(anonymous_0)
FNDA:3,(anonymous_1)
FNDA:4,(anonymous_2)
FNDA:3,(anonymous_3)
FNDA:7,(anonymous_4)
FNDA:57,(anonymous_5)
FNDA:55,(anonymous_6)
DA:1,3
DA:2,3
DA:3,3
DA:4,3
DA:6,3
DA:10,3
DA:12,3
DA:14,3
DA:19,9
DA:20,1
DA:21,8
DA:22,8
DA:23,1
DA:26,7
DA:27,7
DA:28,6
DA:32,6
DA:37,6
DA:38,6
DA:42,3
DA:46,3
DA:47,1
DA:50,2
DA:52,2
DA:53,2
DA:57,2
DA:58,1
DA:59,1
DA:62,1
DA:66,3
DA:67,4
DA:68,4
DA:69,1
DA:71,3
DA:74,3
DA:75,3
DA:77,2
DA:80,2
DA:83,2
DA:84,1
DA:86,1
DA:91,1
DA:96,1
DA:107,3
DA:108,7
DA:127,3
DA:129,57
DA:130,56
DA:132,56
DA:133,56
DA:135,55
DA:136,55
DA:137,54
DA:138,54
DA:142,3
LF:55
LH:55
BRDA:6,0,0,3
BRDA:6,0,1,0
BRDA:19,1,0,1
BRDA:19,1,1,8
BRDA:22,2,0,1
BRDA:22,2,1,7
BRDA:22,3,0,8
BRDA:22,3,1,8
BRDA:27,4,0,1
BRDA:27,4,1,6
BRDA:46,5,0,1
BRDA:46,5,1,2
BRDA:57,6,0,1
BRDA:57,6,1,1
BRDA:57,7,0,2
BRDA:57,7,1,1
BRDA:68,8,0,1
BRDA:68,8,1,3
BRDA:75,9,0,1
BRDA:75,9,1,2
BRDA:83,10,0,1
BRDA:83,10,1,1
BRDA:83,11,0,2
BRDA:83,11,1,2
BRDA:129,12,0,1
BRDA:129,12,1,56
BRDA:132,13,0,56
BRDA:132,13,1,56
BRDA:133,14,0,1
BRDA:133,14,1,55
BRDA:136,15,0,1
BRDA:136,15,1,54
BRF:32
BRH:31
end_of_record
TN:
SF:controllers\data.js
FN:15,(anonymous_0)
FN:19,(anonymous_1)
FN:43,(anonymous_2)
FN:49,(anonymous_3)
FN:73,(anonymous_4)
FN:97,(anonymous_5)
FNF:6
FNH:5
FNDA:30,(anonymous_0)
FNDA:6,(anonymous_1)
FNDA:2,(anonymous_2)
FNDA:0,(anonymous_3)
FNDA:7,(anonymous_4)
FNDA:6,(anonymous_5)
DA:1,3
DA:2,3
DA:7,3
DA:9,3
DA:13,3
DA:15,3
DA:16,30
DA:19,3
DA:20,6
DA:21,6
DA:22,7
DA:30,7
DA:33,6
DA:36,3
DA:44,2
DA:45,1
DA:48,1
DA:49,0
DA:53,1
DA:60,1
DA:61,0
DA:63,1
DA:67,3
DA:74,7
DA:75,2
DA:77,5
DA:84,5
DA:85,1
DA:88,5
DA:92,3
DA:98,6
DA:99,1
DA:100,5
DA:106,5
DA:107,0
DA:110,5
DA:114,3
LF:37
LH:34
BRDA:9,0,0,3
BRDA:9,0,1,0
BRDA:16,1,0,22
BRDA:16,1,1,8
BRDA:24,2,0,2
BRDA:24,2,1,5
BRDA:25,3,0,2
BRDA:25,3,1,5
BRDA:30,4,0,6
BRDA:30,4,1,1
BRDA:44,5,0,1
BRDA:44,5,1,1
BRDA:48,6,0,0
BRDA:48,6,1,1
BRDA:60,7,0,0
BRDA:60,7,1,1
BRDA:74,8,0,2
BRDA:74,8,1,5
BRDA:84,9,0,1
BRDA:84,9,1,4
BRDA:98,10,0,1
BRDA:98,10,1,5
BRDA:106,11,0,0
BRDA:106,11,1,5
BRF:24
BRH:20
end_of_record
TN:
SF:controllers\devices.js
FN:17,(anonymous_0)
FN:21,(anonymous_1)
FN:30,(anonymous_2)
FN:67,(anonymous_3)
FN:81,(anonymous_4)
FNF:5
FNH:5
FNDA:19,(anonymous_0)
FNDA:38,(anonymous_1)
FNDA:19,(anonymous_2)
FNDA:2,(anonymous_3)
FNDA:3,(anonymous_4)
DA:1,3
DA:2,3
DA:3,3
DA:5,3
DA:9,3
DA:17,3
DA:18,19
DA:21,3
DA:22,38
DA:25,3
DA:32,19
DA:33,2
DA:36,17
DA:38,17
DA:39,1
DA:45,16
DA:46,16
DA:48,16
DA:49,16
DA:51,16
DA:61,3
DA:68,2
DA:69,0
DA:71,2
DA:72,2
DA:74,2
DA:78,3
DA:82,3
DA:83,1
DA:85,2
DA:87,2
DA:89,1
DA:93,3
LF:33
LH:32
BRDA:5,0,0,3
BRDA:5,0,1,0
BRDA:18,1,0,16
BRDA:18,1,1,3
BRDA:22,2,0,26
BRDA:22,2,1,12
BRDA:32,3,0,2
BRDA:32,3,1,17
BRDA:38,4,0,1
BRDA:38,4,1,16
BRDA:48,5,0,3
BRDA:48,5,1,13
BRDA:49,6,0,3
BRDA:49,6,1,13
BRDA:68,7,0,0
BRDA:68,7,1,2
BRDA:72,8,0,0
BRDA:72,8,1,2
BRDA:82,9,0,1
BRDA:82,9,1,2
BRDA:87,10,0,1
BRDA:87,10,1,1
BRF:22
BRH:19
end_of_record
TN:
SF:controllers\users.js
FN:16,(anonymous_0)
FN:24,(anonymous_1)
FN:30,(anonymous_2)
FN:43,(anonymous_3)
FN:72,(anonymous_4)
FN:95,(anonymous_5)
FN:100,(anonymous_6)
FN:136,(anonymous_7)
FNF:8
FNH:8
FNDA:5,(anonymous_0)
FNDA:14,(anonymous_1)
FNDA:2,(anonymous_2)
FNDA:3,(anonymous_3)
FNDA:3,(anonymous_4)
FNDA:4,(anonymous_5)
FNDA:4,(anonymous_6)
FNDA:1,(anonymous_7)
DA:1,3
DA:2,3
DA:3,3
DA:5,3
DA:9,3
DA:16,3
DA:17,5
DA:18,3
DA:20,2
DA:24,3
DA:26,14
DA:27,13
DA:30,3
DA:31,2
DA:32,2
DA:33,0
DA:35,2
DA:38,3
DA:44,3
DA:45,1
DA:48,2
DA:49,2
DA:52,2
DA:57,2
DA:59,2
DA:61,2
DA:63,1
DA:69,3
DA:73,3
DA:74,0
DA:76,3
DA:79,3
DA:80,2
DA:82,1
DA:83,1
DA:85,1
DA:89,3
DA:96,4
DA:101,4
DA:102,1
DA:104,3
DA:107,3
DA:108,1
DA:111,2
DA:113,2
DA:115,2
DA:116,2
DA:118,1
DA:119,1
DA:120,1
DA:122,2
DA:123,2
DA:124,2
DA:125,0
DA:129,2
DA:133,3
DA:137,1
DA:138,0
DA:140,1
DA:142,1
DA:143,0
DA:147,1
DA:151,3
LF:63
LH:58
BRDA:5,0,0,3
BRDA:5,0,1,0
BRDA:17,1,0,3
BRDA:17,1,1,2
BRDA:17,2,0,5
BRDA:17,2,1,5
BRDA:26,3,0,1
BRDA:26,3,1,13
BRDA:32,4,0,0
BRDA:32,4,1,2
BRDA:44,5,0,1
BRDA:44,5,1,2
BRDA:49,6,0,0
BRDA:49,6,1,2
BRDA:61,7,0,1
BRDA:61,7,1,1
BRDA:73,8,0,0
BRDA:73,8,1,3
BRDA:79,9,0,2
BRDA:79,9,1,1
BRDA:79,10,0,3
BRDA:79,10,1,3
BRDA:79,10,2,1
BRDA:96,11,0,2
BRDA:96,11,1,2
BRDA:101,12,0,1
BRDA:101,12,1,3
BRDA:107,13,0,1
BRDA:107,13,1,2
BRDA:107,14,0,3
BRDA:107,14,1,3
BRDA:107,14,2,2
BRDA:115,15,0,0
BRDA:115,15,1,2
BRDA:116,16,0,1
BRDA:116,16,1,1
BRDA:119,17,0,0
BRDA:119,17,1,1
BRDA:122,18,0,1
BRDA:122,18,1,1
BRDA:124,19,0,0
BRDA:124,19,1,2
BRDA:137,20,0,0
BRDA:137,20,1,1
BRDA:142,21,0,0
BRDA:142,21,1,1
BRF:46
BRH:37
end_of_record
